Arguments: 
  /usr/bin/node /home/lee/.yarn/bin/yarn.js init

PATH: 
  /home/lee/.yarn/bin:/home/lee/.config/yarn/global/node_modules/.bin:/usr/local/sbin:/usr/local/bin:/usr/sbin:/usr/bin:/sbin:/bin:/usr/games:/usr/local/games:/snap/bin:/usr/local/go/bin:/home/lee/Android/Sdk/tools:/home/lee/Android/Sdk/platform-tools:/usr/local/go/bin:/home/lee/Android/Sdk/tools:/home/lee/Android/Sdk/platform-tools

Yarn version: 
  1.10.1

Node version: 
  8.11.4

Platform: 
  linux x64

Trace: 
  Error: canceled
      at Interface.<anonymous> (/home/lee/.yarn/lib/cli.js:116426:13)
      at emitNone (events.js:106:13)
      at Interface.emit (events.js:208:7)
      at Interface._ttyWrite (readline.js:774:16)
      at ReadStream.onkeypress (readline.js:158:10)
      at emitTwo (events.js:126:13)
      at ReadStream.emit (events.js:214:7)
      at emitKeys (internal/readline.js:420:14)
      at emitKeys.next (<anonymous>)
      at ReadStream.onData (readline.js:1010:36)

npm manifest: 
  No manifest

yarn manifest: 
  No manifest

Lockfile: 
  No lockfile
